d:\rgu\lab1\x64\debug\vc143.pdb
d:\rgu\lab1\x64\debug\vc143.idb
d:\rgu\lab1\x64\debug\9.obj
d:\rgu\lab1\x64\debug\8.obj
d:\rgu\lab1\x64\debug\7.obj
d:\rgu\lab1\x64\debug\5.obj
d:\rgu\lab1\x64\debug\4.obj
d:\rgu\lab1\x64\debug\3.obj
d:\rgu\lab1\x64\debug\20.obj
d:\rgu\lab1\x64\debug\2.obj
d:\rgu\lab1\x64\debug\13.obj
d:\rgu\lab1\x64\debug\11.obj
d:\rgu\lab1\x64\debug\10.obj
d:\rgu\lab1\x64\debug\1.obj
d:\rgu\x64\debug\lab1.exe
d:\rgu\x64\debug\lab1.pdb
d:\rgu\lab1\x64\debug\lab1.ilk
d:\rgu\x64\debug\lab1.ilk
d:\rgu\lab1\x64\debug\lab1.tlog\cl.command.1.tlog
d:\rgu\lab1\x64\debug\lab1.tlog\cl.items.tlog
d:\rgu\lab1\x64\debug\lab1.tlog\cl.read.1.tlog
d:\rgu\lab1\x64\debug\lab1.tlog\cl.write.1.tlog
d:\rgu\lab1\x64\debug\lab1.tlog\link.command.1.tlog
d:\rgu\lab1\x64\debug\lab1.tlog\link.read.1.tlog
d:\rgu\lab1\x64\debug\lab1.tlog\link.secondary.1.tlog
d:\rgu\lab1\x64\debug\lab1.tlog\link.write.1.tlog
