  hash_table.c
C:\Users\rfkfi\Desktop\Stepan Orlov\programming university\RGU\libs\src\hash_table.c(8,3): warning C4098: 'handle_collision': 'void' function returning a value
C:\Users\rfkfi\Desktop\Stepan Orlov\programming university\RGU\libs\src\hash_table.c(23,20): warning C4047: 'function': 'u_list *' differs in levels of indirection from 'u_list **'
C:\Users\rfkfi\Desktop\Stepan Orlov\programming university\RGU\libs\src\hash_table.c(23,20): warning C4024: 'u_list_push_back': different types for formal and actual parameter 1
C:\Users\rfkfi\Desktop\Stepan Orlov\programming university\RGU\libs\src\hash_table.c(30,3): warning C4047: 'return': 'u_list **' differs in levels of indirection from 'int'
C:\Users\rfkfi\Desktop\Stepan Orlov\programming university\RGU\libs\src\hash_table.c(41,3): warning C4098: 'free_overflow_buckets': 'void' function returning a value
C:\Users\rfkfi\Desktop\Stepan Orlov\programming university\RGU\libs\src\hash_table.c(53,9): warning C4028: formal parameter 5 different from declaration
C:\Users\rfkfi\Desktop\Stepan Orlov\programming university\RGU\libs\src\hash_table.c(57,3): warning C4047: 'return': 'hash_table *' differs in levels of indirection from 'int'
C:\Users\rfkfi\Desktop\Stepan Orlov\programming university\RGU\libs\src\hash_table.c(63,3): warning C4047: 'return': 'hash_table *' differs in levels of indirection from 'int'
C:\Users\rfkfi\Desktop\Stepan Orlov\programming university\RGU\libs\src\hash_table.c(73,15): warning C4047: '=': 'hash_table_item **' differs in levels of indirection from 'hash_table_item *'
C:\Users\rfkfi\Desktop\Stepan Orlov\programming university\RGU\libs\src\hash_table.c(113,3): warning C4047: 'return': 'hash_table_item *' differs in levels of indirection from 'int'
C:\Users\rfkfi\Desktop\Stepan Orlov\programming university\RGU\libs\src\hash_table.c(118,3): warning C4047: 'return': 'hash_table_item *' differs in levels of indirection from 'int'
C:\Users\rfkfi\Desktop\Stepan Orlov\programming university\RGU\libs\src\hash_table.c(124,3): warning C4047: 'return': 'hash_table_item *' differs in levels of indirection from 'int'
C:\Users\rfkfi\Desktop\Stepan Orlov\programming university\RGU\libs\src\hash_table.c(131,3): warning C4047: 'return': 'hash_table_item *' differs in levels of indirection from 'int'
C:\Users\rfkfi\Desktop\Stepan Orlov\programming university\RGU\libs\src\hash_table.c(203,19): warning C4101: 'current_item': unreferenced local variable
C:\Users\rfkfi\Desktop\Stepan Orlov\programming university\RGU\libs\src\hash_table.c(250,3): warning C4098: 'ht_print': 'void' function returning a value
C:\Users\rfkfi\Desktop\Stepan Orlov\programming university\RGU\libs\src\hash_table.c(256,11): warning C4477: 'printf' : format string '%s' requires an argument of type 'char *', but variadic argument 2 has type 'void *'
C:\Users\rfkfi\Desktop\Stepan Orlov\programming university\RGU\libs\src\hash_table.c(256,11): warning C4477: 'printf' : format string '%s' requires an argument of type 'char *', but variadic argument 3 has type 'void *'
C:\Users\rfkfi\Desktop\Stepan Orlov\programming university\RGU\libs\src\hash_table.c(263,13): warning C4477: 'printf' : format string '%s' requires an argument of type 'char *', but variadic argument 1 has type 'void *'
C:\Users\rfkfi\Desktop\Stepan Orlov\programming university\RGU\libs\src\hash_table.c(263,13): warning C4477: 'printf' : format string '%s' requires an argument of type 'char *', but variadic argument 2 has type 'void *'
  lab5.vcxproj -> C:\Users\rfkfi\Desktop\Stepan Orlov\programming university\RGU\lab5\x64\Debug\lab5.exe
